<?xml version="1.0" encoding="UTF-8"?>
<Site BuildName="(empty)"
	BuildStamp="20260202-1511-Experimental"
	Name="(empty)"
	Generator="ctest-3.28.3"
	CompilerName=""
	CompilerVersion=""
	OSName="Linux"
	Hostname="emeric-730QFG"
	OSRelease="6.15.0-061500-generic"
	OSVersion="#202505260036 SMP PREEMPT_DYNAMIC Mon May 26 01:07:21 UTC 2025"
	OSPlatform="x86_64"
	Is64Bits="1"
	VendorString="GenuineIntel"
	VendorID="Intel Corporation"
	FamilyID="6"
	ModelID="186"
	ProcessorCacheSize="12288"
	NumberOfLogicalCPU="16"
	NumberOfPhysicalCPU="12"
	TotalVirtualMemory="4095"
	TotalPhysicalMemory="15679"
	LogicalProcessorsPerPhysical="1"
	ProcessorClockFrequency="400.154"
	>
	<Testing>
		<StartDateTime>Feb 02 16:12 CET</StartDateTime>
		<StartTestTime>1770045167</StartTestTime>
		<TestList/>
		<EndDateTime>Feb 02 16:12 CET</EndDateTime>
		<EndTestTime>1770045167</EndTestTime>
		<ElapsedMinutes>0</ElapsedMinutes>
	</Testing>
</Site>
